\BOOKMARK [1][-]{section.1}{\376\377\116\373\122\241\116\000\377\014\116\214\377\032\000G\000A\000N\377\014\000W\000G\000A\000N\377\014\000C\000G\000A\000N\000\040\127\050\000\040\000M\000N\000I\000S\000T\000\040\116\012\166\204\213\255\176\303\116\345\123\312\143\250\164\006}{}% 1
\BOOKMARK [2][-]{subsection.1.1}{\376\377\133\236\232\214\213\276\177\156\116\016\145\271\154\325}{section.1}% 2
\BOOKMARK [3][-]{subsubsection.1.1.1}{\376\377\133\236\232\214\213\276\177\156}{subsection.1.1}% 3
\BOOKMARK [3][-]{subsubsection.1.1.2}{\376\377\133\236\232\214\145\271\154\325}{subsection.1.1}% 4
\BOOKMARK [3][-]{subsubsection.1.1.3}{\376\377\116\343\170\001\171\072\117\213\377\010\116\305\176\331\121\372\000G\000A\000N\166\204\116\343\170\001\171\072\117\213\377\011}{subsection.1.1}% 5
\BOOKMARK [2][-]{subsection.1.2}{\376\377\213\255\176\303\176\306\202\202\116\016\213\255\176\303\142\200\135\347}{section.1}% 6
\BOOKMARK [3][-]{subsubsection.1.2.1}{\376\377\153\143\122\031\123\026}{subsection.1.2}% 7
\BOOKMARK [3][-]{subsubsection.1.2.2}{\376\377\215\205\123\302\145\160\214\003\145\164}{subsection.1.2}% 8
\BOOKMARK [3][-]{subsubsection.1.2.3}{\376\377\123\125\147\072\131\032\123\141\136\166\210\114}{subsection.1.2}% 9
\BOOKMARK [3][-]{subsubsection.1.2.4}{\376\377\131\032\000e\000p\000o\000c\000h\000\040\000+\000\040\133\146\116\140\163\207\000s\000c\000h\000e\000d\000u\000l\000e}{subsection.1.2}% 10
\BOOKMARK [3][-]{subsubsection.1.2.5}{\376\377\152\041\127\213\117\335\133\130\116\016\123\357\211\306\123\026}{subsection.1.2}% 11
\BOOKMARK [3][-]{subsubsection.1.2.6}{\376\377\143\322\120\074\122\006\147\220}{subsection.1.2}% 12
\BOOKMARK [2][-]{subsection.1.3}{\376\377\133\236\232\214\176\323\147\234\116\016\122\006\147\220}{section.1}% 13
\BOOKMARK [3][-]{subsubsection.1.3.1}{\376\377\000G\000A\000N\124\214\000C\000G\000A\000N}{subsection.1.3}% 14
\BOOKMARK [3][-]{subsubsection.1.3.2}{\376\377\000W\000G\000A\000N\124\214\000W\000G\000A\000N\000-\000G\000P}{subsection.1.3}% 15
\BOOKMARK [2][-]{subsection.1.4}{\376\377\133\236\232\214\176\323\147\234\116\016\122\006\147\220}{section.1}% 16
\BOOKMARK [1][-]{section.2}{\376\377\116\373\122\241\116\011\377\032\122\006\147\220\000G\000A\000N\127\050\131\015\147\102\145\160\143\156\226\306\116\012\166\204\140\047\200\375\116\016\152\041\137\017\127\115\130\114\225\356\230\230}{}% 17
\BOOKMARK [2][-]{subsection.2.1}{\376\377\133\236\232\214\213\276\177\156\116\016\145\271\154\325}{section.2}% 18
\BOOKMARK [2][-]{subsection.2.2}{\376\377\213\255\176\303\176\306\202\202\116\016\213\255\176\303\142\200\135\347}{section.2}% 19
\BOOKMARK [2][-]{subsection.2.3}{\376\377\133\236\232\214\176\323\147\234\116\016\122\006\147\220}{section.2}% 20
\BOOKMARK [1][-]{section.3}{\376\377\226\104\137\125}{}% 21
\BOOKMARK [2][-]{subsection.3.1}{\376\377\000G\000A\000N\116\015\124\014\000e\000p\000o\000c\000h\165\037\142\020\166\204\150\067\147\054}{section.3}% 22
\BOOKMARK [2][-]{subsection.3.2}{\376\377\000C\000G\000A\000N\116\015\124\014\000e\000p\000o\000c\000h\165\037\142\020\166\204\150\067\147\054}{section.3}% 23
\BOOKMARK [2][-]{subsection.3.3}{\376\377\000W\000G\000A\000N\000-\000G\000P\116\015\124\014\000e\000p\000o\000c\000h\165\037\142\020\166\204\150\067\147\054}{section.3}% 24
\BOOKMARK [2][-]{subsection.3.4}{\376\377\000B\000i\000g\000G\000A\000N\143\011\174\173\122\053\165\037\142\020\150\067\147\054\134\125\171\072\000\040\0001\0002\0008\000x\0001\0002\0008}{section.3}% 25
\BOOKMARK [2][-]{subsection.3.5}{\376\377\000B\000i\000g\000G\000A\000N\226\217\147\072\150\067\147\054\134\125\171\072\000\040\0001\0002\0008\000x\0001\0002\0008}{section.3}% 26
\BOOKMARK [2][-]{subsection.3.6}{\376\377\000B\000i\000g\000G\000A\000N\226\217\147\072\150\067\147\054\134\125\171\072\000\040\0005\0001\0002\000x\0005\0001\0002}{section.3}% 27
\BOOKMARK [2][-]{subsection.3.7}{\376\377\000B\000i\000g\000G\000A\000N\116\015\124\014\174\173\122\053\225\364\143\322\120\074\221\307\150\067}{section.3}% 28
