=== GPU信息 ===
Sun May 25 16:06:16 2025       
+-----------------------------------------------------------------------------------------+
| NVIDIA-SMI 550.107.02             Driver Version: 550.107.02     CUDA Version: 12.4     |
|-----------------------------------------+------------------------+----------------------+
| GPU  Name                 Persistence-M | Bus-Id          Disp.A | Volatile Uncorr. ECC |
| Fan  Temp   Perf          Pwr:Usage/Cap |           Memory-Usage | GPU-Util  Compute M. |
|                                         |                        |               MIG M. |
|=========================================+========================+======================|
|   0  NVIDIA GeForce RTX 3090        Off |   00000000:1A:00.0 Off |                  N/A |
| 50%   38C    P8             44W /  350W |      11MiB /  24576MiB |      0%      Default |
|                                         |                        |                  N/A |
+-----------------------------------------+------------------------+----------------------+
|   1  NVIDIA GeForce RTX 3090        Off |   00000000:68:00.0 Off |                  N/A |
|  0%   47C    P8             27W /  350W |     199MiB /  24576MiB |      0%      Default |
|                                         |                        |                  N/A |
+-----------------------------------------+------------------------+----------------------+
                                                                                         
+-----------------------------------------------------------------------------------------+
| Processes:                                                                              |
|  GPU   GI   CI        PID   Type   Process name                              GPU Memory |
|        ID   ID                                                               Usage      |
|=========================================================================================|
|    0   N/A  N/A    657274      G   /usr/lib/xorg/Xorg                              4MiB |
|    1   N/A  N/A    657274      G   /usr/lib/xorg/Xorg                            103MiB |
|    1   N/A  N/A    657391      G   /usr/bin/gnome-shell                           60MiB |
|    1   N/A  N/A   1793092      G   ...erProcess --variations-seed-version         22MiB |
+-----------------------------------------------------------------------------------------+
===============
开始训练 CGAN-CIFAR10 增强模型...
使用双3090 GPU并行训练
日志将保存到: Log/terminal/cgan_cifar10_enhanced_20250525_160616.log
脚本已开始执行
使用 2 张GPU进行训练
生成器参数量: 191.33M
判别器参数量: 255.16M
模型已启用多GPU并行训练，使用2张GPU
已保存类别 0 (airplane) 的九宫格图片到: ./visual/CGAN_CIFAR10/epoch100/class_0/class_0_3x3.png
类别 0 (airplane) 的九宫格图片已生成完成
已保存类别 1 (automobile) 的九宫格图片到: ./visual/CGAN_CIFAR10/epoch100/class_1/class_1_3x3.png
类别 1 (automobile) 的九宫格图片已生成完成
已保存类别 2 (bird) 的九宫格图片到: ./visual/CGAN_CIFAR10/epoch100/class_2/class_2_3x3.png
类别 2 (bird) 的九宫格图片已生成完成
已保存类别 3 (cat) 的九宫格图片到: ./visual/CGAN_CIFAR10/epoch100/class_3/class_3_3x3.png
类别 3 (cat) 的九宫格图片已生成完成
已保存类别 4 (deer) 的九宫格图片到: ./visual/CGAN_CIFAR10/epoch100/class_4/class_4_3x3.png
类别 4 (deer) 的九宫格图片已生成完成
已保存类别 5 (dog) 的九宫格图片到: ./visual/CGAN_CIFAR10/epoch100/class_5/class_5_3x3.png
类别 5 (dog) 的九宫格图片已生成完成
已保存类别 6 (frog) 的九宫格图片到: ./visual/CGAN_CIFAR10/epoch100/class_6/class_6_3x3.png
类别 6 (frog) 的九宫格图片已生成完成
已保存类别 7 (horse) 的九宫格图片到: ./visual/CGAN_CIFAR10/epoch100/class_7/class_7_3x3.png
类别 7 (horse) 的九宫格图片已生成完成
已保存类别 8 (ship) 的九宫格图片到: ./visual/CGAN_CIFAR10/epoch100/class_8/class_8_3x3.png
类别 8 (ship) 的九宫格图片已生成完成
已保存类别 9 (truck) 的九宫格图片到: ./visual/CGAN_CIFAR10/epoch100/class_9/class_9_3x3.png
类别 9 (truck) 的九宫格图片已生成完成
已保存类别 0 (airplane) 的九宫格图片到: ./visual/CGAN_CIFAR10/epoch120/class_0/class_0_3x3.png
类别 0 (airplane) 的九宫格图片已生成完成
已保存类别 1 (automobile) 的九宫格图片到: ./visual/CGAN_CIFAR10/epoch120/class_1/class_1_3x3.png
类别 1 (automobile) 的九宫格图片已生成完成
已保存类别 2 (bird) 的九宫格图片到: ./visual/CGAN_CIFAR10/epoch120/class_2/class_2_3x3.png
类别 2 (bird) 的九宫格图片已生成完成
已保存类别 3 (cat) 的九宫格图片到: ./visual/CGAN_CIFAR10/epoch120/class_3/class_3_3x3.png
类别 3 (cat) 的九宫格图片已生成完成
已保存类别 4 (deer) 的九宫格图片到: ./visual/CGAN_CIFAR10/epoch120/class_4/class_4_3x3.png
类别 4 (deer) 的九宫格图片已生成完成
已保存类别 5 (dog) 的九宫格图片到: ./visual/CGAN_CIFAR10/epoch120/class_5/class_5_3x3.png
类别 5 (dog) 的九宫格图片已生成完成
已保存类别 6 (frog) 的九宫格图片到: ./visual/CGAN_CIFAR10/epoch120/class_6/class_6_3x3.png
类别 6 (frog) 的九宫格图片已生成完成
已保存类别 7 (horse) 的九宫格图片到: ./visual/CGAN_CIFAR10/epoch120/class_7/class_7_3x3.png
类别 7 (horse) 的九宫格图片已生成完成
已保存类别 8 (ship) 的九宫格图片到: ./visual/CGAN_CIFAR10/epoch120/class_8/class_8_3x3.png
类别 8 (ship) 的九宫格图片已生成完成
已保存类别 9 (truck) 的九宫格图片到: ./visual/CGAN_CIFAR10/epoch120/class_9/class_9_3x3.png
类别 9 (truck) 的九宫格图片已生成完成
训练完成！总训练时间: 0时 0分 16秒
查看生成的图片: ./visual/CGAN_CIFAR10/
查看训练进度图片: ./visual/CGAN_CIFAR10/progress/
查看损失曲线: ./Log/loss_cgan_cifar10_enhanced/
模型检查点保存在: ./checkpoints/CGAN_CIFAR10_ENHANCED/
