=== GPU信息 ===
Thu May 22 14:05:57 2025       
+-----------------------------------------------------------------------------------------+
| NVIDIA-SMI 550.107.02             Driver Version: 550.107.02     CUDA Version: 12.4     |
|-----------------------------------------+------------------------+----------------------+
| GPU  Name                 Persistence-M | Bus-Id          Disp.A | Volatile Uncorr. ECC |
| Fan  Temp   Perf          Pwr:Usage/Cap |           Memory-Usage | GPU-Util  Compute M. |
|                                         |                        |               MIG M. |
|=========================================+========================+======================|
|   0  NVIDIA GeForce RTX 3090        Off |   00000000:1A:00.0 Off |                  N/A |
| 50%   45C    P8             45W /  350W |      11MiB /  24576MiB |      0%      Default |
|                                         |                        |                  N/A |
+-----------------------------------------+------------------------+----------------------+
|   1  NVIDIA GeForce RTX 3090        Off |   00000000:68:00.0 Off |                  N/A |
| 50%   52C    P8             36W /  350W |     199MiB /  24576MiB |      0%      Default |
|                                         |                        |                  N/A |
+-----------------------------------------+------------------------+----------------------+
                                                                                         
+-----------------------------------------------------------------------------------------+
| Processes:                                                                              |
|  GPU   GI   CI        PID   Type   Process name                              GPU Memory |
|        ID   ID                                                               Usage      |
|=========================================================================================|
|    0   N/A  N/A    657274      G   /usr/lib/xorg/Xorg                              4MiB |
|    1   N/A  N/A    657274      G   /usr/lib/xorg/Xorg                            103MiB |
|    1   N/A  N/A    657391      G   /usr/bin/gnome-shell                           60MiB |
|    1   N/A  N/A   1793092      G   ...erProcess --variations-seed-version         22MiB |
+-----------------------------------------------------------------------------------------+
===============
开始训练 CGAN-CIFAR10 增强模型...
使用双3090 GPU并行训练
日志将保存到: Log/terminal/cgan_cifar10_enhanced_20250522_140557.log
脚本已开始执行
使用 2 张GPU进行训练
生成器参数量: 191.33M
判别器参数量: 255.16M
模型已启用多GPU并行训练，使用2张GPU
开始训练
Epoch [1/120] Loss D: 1.2997, Loss G: 3.5729
GPU 0 内存使用: 6.71GB / 23.68GB
GPU 1 内存使用: 0.02GB / 23.68GB
Epoch [2/120] Loss D: 0.5807, Loss G: 3.2832
Epoch [3/120] Loss D: 1.4894, Loss G: 3.0123
Epoch [4/120] Loss D: 0.7630, Loss G: 3.2190
Epoch [5/120] Loss D: 1.2034, Loss G: 2.7701
GPU 0 内存使用: 6.71GB / 23.68GB
GPU 1 内存使用: 0.02GB / 23.68GB
Epoch [6/120] Loss D: 1.1448, Loss G: 2.8804
Epoch [7/120] Loss D: 1.1343, Loss G: 2.9051
Epoch [8/120] Loss D: 1.1760, Loss G: 2.9263
Epoch [9/120] Loss D: 1.2125, Loss G: 2.6276
Epoch [10/120] Loss D: 1.5162, Loss G: 2.5095
GPU 0 内存使用: 6.71GB / 23.68GB
GPU 1 内存使用: 0.02GB / 23.68GB
Epoch [11/120] Loss D: 1.1275, Loss G: 2.8845
Epoch [12/120] Loss D: 1.0417, Loss G: 2.8885
Epoch [13/120] Loss D: 0.8206, Loss G: 3.4833
Epoch [14/120] Loss D: 0.6820, Loss G: 3.0517
Epoch [15/120] Loss D: 0.4910, Loss G: 3.0779
GPU 0 内存使用: 6.71GB / 23.68GB
GPU 1 内存使用: 0.02GB / 23.68GB
Epoch [16/120] Loss D: 0.4775, Loss G: 3.2589
Epoch [17/120] Loss D: 0.6938, Loss G: 3.4583
Epoch [18/120] Loss D: 0.5422, Loss G: 3.2064
Epoch [19/120] Loss D: 0.6381, Loss G: 3.1140
Epoch [20/120] Loss D: 0.4654, Loss G: 3.1300
GPU 0 内存使用: 6.71GB / 23.68GB
GPU 1 内存使用: 0.02GB / 23.68GB
Epoch [21/120] Loss D: 0.6389, Loss G: 3.3207
Epoch [22/120] Loss D: 0.6348, Loss G: 3.1560
Epoch [23/120] Loss D: 0.5883, Loss G: 3.0587
Epoch [24/120] Loss D: 0.6872, Loss G: 3.1360
Epoch [25/120] Loss D: 0.8089, Loss G: 3.2094
GPU 0 内存使用: 6.71GB / 23.68GB
GPU 1 内存使用: 0.02GB / 23.68GB
Epoch [26/120] Loss D: 0.5795, Loss G: 3.1112
Epoch [27/120] Loss D: 0.5388, Loss G: 3.0467
Epoch [28/120] Loss D: 0.4979, Loss G: 2.9176
Epoch [29/120] Loss D: 0.4833, Loss G: 2.9609
Epoch [30/120] Loss D: 0.5987, Loss G: 3.1621
GPU 0 内存使用: 6.71GB / 23.68GB
GPU 1 内存使用: 0.02GB / 23.68GB
Epoch [31/120] Loss D: 0.7961, Loss G: 3.0067
Epoch [32/120] Loss D: 0.4984, Loss G: 3.1351
Epoch [33/120] Loss D: 0.6967, Loss G: 2.9944
Epoch [34/120] Loss D: 0.4522, Loss G: 2.9682
Epoch [35/120] Loss D: 0.4047, Loss G: 2.9032
GPU 0 内存使用: 6.71GB / 23.68GB
GPU 1 内存使用: 0.02GB / 23.68GB
Epoch [36/120] Loss D: 0.4108, Loss G: 2.9207
Epoch [37/120] Loss D: 0.4325, Loss G: 2.8739
Epoch [38/120] Loss D: 0.4048, Loss G: 2.8798
Epoch [39/120] Loss D: 0.4218, Loss G: 2.9443
Epoch [40/120] Loss D: 0.4096, Loss G: 2.9345
GPU 0 内存使用: 6.71GB / 23.68GB
GPU 1 内存使用: 0.02GB / 23.68GB
Epoch [41/120] Loss D: 0.4105, Loss G: 2.9476
Epoch [42/120] Loss D: 0.5232, Loss G: 3.1747
Epoch [43/120] Loss D: 0.7641, Loss G: 3.0230
Epoch [44/120] Loss D: 0.7409, Loss G: 2.9761
Epoch [45/120] Loss D: 0.5445, Loss G: 2.8924
GPU 0 内存使用: 6.71GB / 23.68GB
GPU 1 内存使用: 0.02GB / 23.68GB
Epoch [46/120] Loss D: 0.4726, Loss G: 3.0135
Epoch [47/120] Loss D: 0.4018, Loss G: 2.8709
Epoch [48/120] Loss D: 0.4010, Loss G: 2.8490
Epoch [49/120] Loss D: 0.4015, Loss G: 2.8612
Epoch [50/120] Loss D: 0.4000, Loss G: 2.8654
GPU 0 内存使用: 6.71GB / 23.68GB
GPU 1 内存使用: 0.02GB / 23.68GB
Epoch [51/120] Loss D: 0.4006, Loss G: 2.8540
Epoch [52/120] Loss D: 0.3994, Loss G: 2.8619
Epoch [53/120] Loss D: 0.4001, Loss G: 2.8602
Epoch [54/120] Loss D: 0.3991, Loss G: 2.8579
Epoch [55/120] Loss D: 0.4002, Loss G: 2.8956
GPU 0 内存使用: 6.71GB / 23.68GB
GPU 1 内存使用: 0.02GB / 23.68GB
Epoch [56/120] Loss D: 0.3996, Loss G: 2.8606
Epoch [57/120] Loss D: 0.3989, Loss G: 2.8670
Epoch [58/120] Loss D: 0.3993, Loss G: 2.8553
Epoch [59/120] Loss D: 0.3993, Loss G: 2.8537
Epoch [60/120] Loss D: 0.3996, Loss G: 2.8510
GPU 0 内存使用: 6.71GB / 23.68GB
GPU 1 内存使用: 0.02GB / 23.68GB
Epoch [61/120] Loss D: 0.4002, Loss G: 2.8509
Epoch [62/120] Loss D: 0.4000, Loss G: 2.8482
Epoch [63/120] Loss D: 0.3996, Loss G: 2.8521
Epoch [64/120] Loss D: 0.3990, Loss G: 2.8603
Epoch [65/120] Loss D: 0.3994, Loss G: 2.8543
GPU 0 内存使用: 6.71GB / 23.68GB
GPU 1 内存使用: 0.02GB / 23.68GB
Epoch [66/120] Loss D: 0.3987, Loss G: 2.8618
Epoch [67/120] Loss D: 0.4114, Loss G: 3.0805
Epoch [68/120] Loss D: 0.4041, Loss G: 2.9224
Epoch [69/120] Loss D: 0.4154, Loss G: 2.9361
Epoch [70/120] Loss D: 0.4307, Loss G: 3.0508
GPU 0 内存使用: 6.71GB / 23.68GB
GPU 1 内存使用: 0.02GB / 23.68GB
Epoch [71/120] Loss D: 0.4140, Loss G: 2.9502
Epoch [72/120] Loss D: 0.4235, Loss G: 2.9504
Epoch [73/120] Loss D: 0.4853, Loss G: 2.9912
Epoch [74/120] Loss D: 0.4616, Loss G: 3.0206
Epoch [75/120] Loss D: 0.6090, Loss G: 3.0214
GPU 0 内存使用: 6.71GB / 23.68GB
GPU 1 内存使用: 0.02GB / 23.68GB
Epoch [76/120] Loss D: 0.4439, Loss G: 2.9348
Epoch [77/120] Loss D: 0.4484, Loss G: 2.9943
Epoch [78/120] Loss D: 0.4006, Loss G: 2.8836
Epoch [79/120] Loss D: 0.3996, Loss G: 2.8750
Epoch [80/120] Loss D: 0.3993, Loss G: 2.8667
GPU 0 内存使用: 6.71GB / 23.68GB
GPU 1 内存使用: 0.02GB / 23.68GB
Epoch [81/120] Loss D: 0.4058, Loss G: 2.8946
Epoch [82/120] Loss D: 0.4075, Loss G: 2.9230
Epoch [83/120] Loss D: 0.4928, Loss G: 2.9673
Epoch [84/120] Loss D: 0.6615, Loss G: 2.7407
Epoch [85/120] Loss D: 0.4360, Loss G: 3.0436
GPU 0 内存使用: 6.71GB / 23.68GB
GPU 1 内存使用: 0.02GB / 23.68GB
Epoch [86/120] Loss D: 0.4740, Loss G: 2.9935
Epoch [87/120] Loss D: 0.4111, Loss G: 2.9625
Epoch [88/120] Loss D: 0.4096, Loss G: 2.9148
Epoch [89/120] Loss D: 0.4215, Loss G: 2.9111
Epoch [90/120] Loss D: 0.4492, Loss G: 2.9267
GPU 0 内存使用: 6.71GB / 23.68GB
GPU 1 内存使用: 0.02GB / 23.68GB
Epoch [91/120] Loss D: 0.5945, Loss G: 2.9625
Epoch [92/120] Loss D: 0.4297, Loss G: 2.9555
Epoch [93/120] Loss D: 0.6497, Loss G: 2.8852
Epoch [94/120] Loss D: 0.4471, Loss G: 2.9845
Epoch [95/120] Loss D: 0.4529, Loss G: 2.9955
GPU 0 内存使用: 6.71GB / 23.68GB
GPU 1 内存使用: 0.02GB / 23.68GB
Epoch [96/120] Loss D: 0.4864, Loss G: 2.9694
Epoch [97/120] Loss D: 0.5503, Loss G: 2.8992
Epoch [98/120] Loss D: 0.6573, Loss G: 2.7491
Epoch [99/120] Loss D: 0.5864, Loss G: 2.8546
Epoch [100/120] Loss D: 0.8786, Loss G: 2.5003
GPU 0 内存使用: 6.71GB / 23.68GB
GPU 1 内存使用: 0.02GB / 23.68GB
Epoch [101/120] Loss D: 0.6402, Loss G: 2.5890
Epoch [102/120] Loss D: 0.6084, Loss G: 2.8622
Epoch [103/120] Loss D: 0.5460, Loss G: 2.8068
Epoch [104/120] Loss D: 0.4633, Loss G: 2.8070
Epoch [105/120] Loss D: 0.4715, Loss G: 2.8077
GPU 0 内存使用: 6.71GB / 23.68GB
GPU 1 内存使用: 0.02GB / 23.68GB
Epoch [106/120] Loss D: 0.5059, Loss G: 2.8771
Epoch [107/120] Loss D: 0.5484, Loss G: 2.7627
Epoch [108/120] Loss D: 0.5565, Loss G: 2.7644
Epoch [109/120] Loss D: 0.5172, Loss G: 2.7364
Epoch [110/120] Loss D: 0.5653, Loss G: 2.7300
GPU 0 内存使用: 6.71GB / 23.68GB
GPU 1 内存使用: 0.02GB / 23.68GB
Epoch [111/120] Loss D: 0.6445, Loss G: 2.6430
Epoch [112/120] Loss D: 0.6201, Loss G: 2.5441
Epoch [113/120] Loss D: 0.5717, Loss G: 2.4783
Epoch [114/120] Loss D: 0.6594, Loss G: 2.3810
Epoch [115/120] Loss D: 0.6409, Loss G: 2.3788
GPU 0 内存使用: 6.71GB / 23.68GB
GPU 1 内存使用: 0.02GB / 23.68GB
Epoch [116/120] Loss D: 0.8876, Loss G: 1.9543
Epoch [117/120] Loss D: 0.9685, Loss G: 1.5839
Epoch [118/120] Loss D: 0.7385, Loss G: 1.8473
Epoch [119/120] Loss D: 0.7734, Loss G: 1.9179
Epoch [120/120] Loss D: 0.8627, Loss G: 1.7424
GPU 0 内存使用: 6.71GB / 23.68GB
GPU 1 内存使用: 0.02GB / 23.68GB
训练完成！总训练时间: 5时 3分 38秒
查看生成的图片: ./visual/CGAN_CIFAR10/
查看训练进度图片: ./visual/CGAN_CIFAR10/progress/
查看损失曲线: ./Log/loss_cgan_cifar10_enhanced/
模型检查点保存在: ./checkpoints/CGAN_CIFAR10_ENHANCED/
