=== GPU信息 ===
Sat May 24 13:16:35 2025       
+-----------------------------------------------------------------------------------------+
| NVIDIA-SMI 550.107.02             Driver Version: 550.107.02     CUDA Version: 12.4     |
|-----------------------------------------+------------------------+----------------------+
| GPU  Name                 Persistence-M | Bus-Id          Disp.A | Volatile Uncorr. ECC |
| Fan  Temp   Perf          Pwr:Usage/Cap |           Memory-Usage | GPU-Util  Compute M. |
|                                         |                        |               MIG M. |
|=========================================+========================+======================|
|   0  NVIDIA GeForce RTX 3090        Off |   00000000:1A:00.0 Off |                  N/A |
| 50%   36C    P8             43W /  350W |      11MiB /  24576MiB |      0%      Default |
|                                         |                        |                  N/A |
+-----------------------------------------+------------------------+----------------------+
|   1  NVIDIA GeForce RTX 3090        Off |   00000000:68:00.0 Off |                  N/A |
|  0%   45C    P8             27W /  350W |     199MiB /  24576MiB |      0%      Default |
|                                         |                        |                  N/A |
+-----------------------------------------+------------------------+----------------------+
                                                                                         
+-----------------------------------------------------------------------------------------+
| Processes:                                                                              |
|  GPU   GI   CI        PID   Type   Process name                              GPU Memory |
|        ID   ID                                                               Usage      |
|=========================================================================================|
|    0   N/A  N/A    657274      G   /usr/lib/xorg/Xorg                              4MiB |
|    1   N/A  N/A    657274      G   /usr/lib/xorg/Xorg                            103MiB |
|    1   N/A  N/A    657391      G   /usr/bin/gnome-shell                           60MiB |
|    1   N/A  N/A   1793092      G   ...erProcess --variations-seed-version         22MiB |
+-----------------------------------------------------------------------------------------+
===============
开始训练 CGAN-CIFAR10 增强模型...
使用双3090 GPU并行训练
日志将保存到: Log/terminal/cgan_cifar10_enhanced_20250524_131635.log
脚本已开始执行
使用 2 张GPU进行训练
从 epoch 120 加载生成器权重: ./checkpoints/CGAN_CIFAR10_ENHANCED/generator_epoch120.pth
从 epoch 120 加载判别器权重: ./checkpoints/CGAN_CIFAR10_ENHANCED/discriminator_epoch120.pth
生成器参数量: 191.33M
判别器参数量: 255.16M
模型已启用多GPU并行训练，使用2张GPU
从 Epoch 121 开始继续训练，共训练 120 轮，直到 Epoch 240
Epoch [121/240] Loss D: 0.9776, Loss G: 3.4676
GPU 0 内存使用: 6.71GB / 23.68GB
GPU 1 内存使用: 0.02GB / 23.68GB
