使用 2 张GPU进行训练
Files already downloaded and verified
Files already downloaded and verified
Files already downloaded and verified
Files already downloaded and verified
Epoch [1/200] Loss C: -4.5878, Loss G: -8.6380, Wasserstein: 5.1329
GPU 0 内存使用: 0.12GB
GPU 1 内存使用: 0.02GB
Epoch [2/200] Loss C: -3.3585, Loss G: -5.3682, Wasserstein: 3.5931
Epoch [3/200] Loss C: -3.2823, Loss G: -4.3069, Wasserstein: 3.5155
Epoch [4/200] Loss C: -3.2435, Loss G: -3.8044, Wasserstein: 3.4930
Epoch [5/200] Loss C: -3.1836, Loss G: -3.3984, Wasserstein: 3.4392
Epoch [6/200] Loss C: -3.0657, Loss G: -3.1842, Wasserstein: 3.3686
Epoch [7/200] Loss C: -2.9828, Loss G: -3.0185, Wasserstein: 3.3043
Epoch [8/200] Loss C: -2.9041, Loss G: -2.8384, Wasserstein: 3.2517
Epoch [9/200] Loss C: -2.8338, Loss G: -2.7123, Wasserstein: 3.1795
Epoch [10/200] Loss C: -2.7913, Loss G: -2.4681, Wasserstein: 3.1425
Epoch [11/200] Loss C: -2.7412, Loss G: -2.2418, Wasserstein: 3.1219
GPU 0 内存使用: 0.12GB
GPU 1 内存使用: 0.02GB
Epoch [12/200] Loss C: -2.7002, Loss G: -2.0434, Wasserstein: 3.0819
Epoch [13/200] Loss C: -2.6731, Loss G: -1.9387, Wasserstein: 3.0642
Epoch [14/200] Loss C: -2.6420, Loss G: -1.8395, Wasserstein: 3.0175
Epoch [15/200] Loss C: -2.6016, Loss G: -1.7363, Wasserstein: 2.9896
Epoch [16/200] Loss C: -2.5850, Loss G: -1.6440, Wasserstein: 2.9529
Epoch [17/200] Loss C: -2.5741, Loss G: -1.5848, Wasserstein: 2.9417
Epoch [18/200] Loss C: -2.5439, Loss G: -1.3916, Wasserstein: 2.9612
Epoch [19/200] Loss C: -2.5363, Loss G: -1.2311, Wasserstein: 2.9371
Epoch [20/200] Loss C: -2.5339, Loss G: -1.1383, Wasserstein: 2.9552
Epoch [21/200] Loss C: -2.5058, Loss G: -1.1488, Wasserstein: 2.9192
GPU 0 内存使用: 0.12GB
GPU 1 内存使用: 0.02GB
Epoch [22/200] Loss C: -2.4793, Loss G: -1.0671, Wasserstein: 2.8881
Epoch [23/200] Loss C: -2.4786, Loss G: -1.0072, Wasserstein: 2.8911
Epoch [24/200] Loss C: -2.4626, Loss G: -0.9269, Wasserstein: 2.8820
Epoch [25/200] Loss C: -2.4447, Loss G: -0.9186, Wasserstein: 2.8647
Epoch [26/200] Loss C: -2.4439, Loss G: -0.7750, Wasserstein: 2.8336
Epoch [27/200] Loss C: -2.4019, Loss G: -0.7080, Wasserstein: 2.8066
Epoch [28/200] Loss C: -2.4233, Loss G: -0.6955, Wasserstein: 2.8346
Epoch [29/200] Loss C: -2.3998, Loss G: -0.7152, Wasserstein: 2.7983
Epoch [30/200] Loss C: -2.3939, Loss G: -0.7060, Wasserstein: 2.7971
Epoch [31/200] Loss C: -2.3686, Loss G: -0.5475, Wasserstein: 2.7720
GPU 0 内存使用: 0.12GB
GPU 1 内存使用: 0.02GB
Epoch [32/200] Loss C: -2.3677, Loss G: -0.5229, Wasserstein: 2.7803
Epoch [33/200] Loss C: -2.3604, Loss G: -0.5784, Wasserstein: 2.7441
Epoch [34/200] Loss C: -2.3444, Loss G: -0.4495, Wasserstein: 2.7526
Epoch [35/200] Loss C: -2.3394, Loss G: -0.3803, Wasserstein: 2.7249
Epoch [36/200] Loss C: -2.3190, Loss G: -0.2939, Wasserstein: 2.7352
Epoch [37/200] Loss C: -2.3035, Loss G: -0.2661, Wasserstein: 2.6881
Epoch [38/200] Loss C: -2.2805, Loss G: -0.2109, Wasserstein: 2.7014
Epoch [39/200] Loss C: -2.3011, Loss G: -0.1756, Wasserstein: 2.6707
Epoch [40/200] Loss C: -2.2829, Loss G: -0.2017, Wasserstein: 2.6699
Epoch [41/200] Loss C: -2.2524, Loss G: -0.2210, Wasserstein: 2.6582
GPU 0 内存使用: 0.12GB
GPU 1 内存使用: 0.02GB
Epoch [42/200] Loss C: -2.2746, Loss G: -0.1156, Wasserstein: 2.6561
Epoch [43/200] Loss C: -2.2444, Loss G: -0.1589, Wasserstein: 2.6431
Epoch [44/200] Loss C: -2.2387, Loss G: -0.1407, Wasserstein: 2.6244
Epoch [45/200] Loss C: -2.2098, Loss G: -0.0952, Wasserstein: 2.5810
Epoch [46/200] Loss C: -2.2367, Loss G: -0.0998, Wasserstein: 2.6176
Epoch [47/200] Loss C: -2.2139, Loss G: -0.1057, Wasserstein: 2.5985
Epoch [48/200] Loss C: -2.2100, Loss G: -0.0416, Wasserstein: 2.5740
Epoch [49/200] Loss C: -2.1744, Loss G: -0.1158, Wasserstein: 2.5772
Epoch [50/200] Loss C: -2.1754, Loss G: -0.1205, Wasserstein: 2.5503
Epoch [51/200] Loss C: -1.8134, Loss G: -0.6138, Wasserstein: 2.0558
GPU 0 内存使用: 0.12GB
GPU 1 内存使用: 0.02GB
Epoch [52/200] Loss C: -1.8192, Loss G: -0.8839, Wasserstein: 2.0444
Epoch [53/200] Loss C: -1.8114, Loss G: -1.0138, Wasserstein: 2.0361
Epoch [54/200] Loss C: -1.8089, Loss G: -0.9395, Wasserstein: 2.0419
Epoch [55/200] Loss C: -1.8086, Loss G: -0.9801, Wasserstein: 2.0355
Epoch [56/200] Loss C: -1.8181, Loss G: -0.8463, Wasserstein: 2.0188
Epoch [57/200] Loss C: -1.8180, Loss G: -0.8333, Wasserstein: 2.0495
Epoch [58/200] Loss C: -1.8103, Loss G: -0.9274, Wasserstein: 2.0234
Epoch [59/200] Loss C: -1.7988, Loss G: -0.9463, Wasserstein: 2.0176
Epoch [60/200] Loss C: -1.8023, Loss G: -0.9681, Wasserstein: 2.0046
Epoch [61/200] Loss C: -1.7856, Loss G: -0.9970, Wasserstein: 1.9973
GPU 0 内存使用: 0.12GB
GPU 1 内存使用: 0.02GB
Epoch [62/200] Loss C: -1.7970, Loss G: -0.9557, Wasserstein: 2.0092
Epoch [63/200] Loss C: -1.7958, Loss G: -0.9474, Wasserstein: 1.9944
Epoch [64/200] Loss C: -1.7922, Loss G: -0.9936, Wasserstein: 1.9996
Epoch [65/200] Loss C: -1.7761, Loss G: -0.8923, Wasserstein: 1.9772
Epoch [66/200] Loss C: -1.7738, Loss G: -0.8551, Wasserstein: 2.0013
Epoch [67/200] Loss C: -1.7639, Loss G: -0.9691, Wasserstein: 1.9854
Epoch [68/200] Loss C: -1.7683, Loss G: -0.9643, Wasserstein: 1.9766
Epoch [69/200] Loss C: -1.7754, Loss G: -0.9161, Wasserstein: 1.9847
Epoch [70/200] Loss C: -1.7655, Loss G: -0.9407, Wasserstein: 1.9604
Epoch [71/200] Loss C: -1.7795, Loss G: -0.9465, Wasserstein: 1.9884
GPU 0 内存使用: 0.12GB
GPU 1 内存使用: 0.02GB
Epoch [72/200] Loss C: -1.7664, Loss G: -0.9135, Wasserstein: 1.9902
Epoch [73/200] Loss C: -1.7639, Loss G: -0.9623, Wasserstein: 1.9632
Epoch [74/200] Loss C: -1.7642, Loss G: -0.8937, Wasserstein: 1.9682
Epoch [75/200] Loss C: -1.7591, Loss G: -1.0116, Wasserstein: 1.9685
Epoch [76/200] Loss C: -1.7581, Loss G: -1.0019, Wasserstein: 1.9527
Epoch [77/200] Loss C: -1.7566, Loss G: -0.9208, Wasserstein: 1.9538
Epoch [78/200] Loss C: -1.7445, Loss G: -0.8396, Wasserstein: 1.9513
Epoch [79/200] Loss C: -1.7424, Loss G: -0.8958, Wasserstein: 1.9355
Epoch [80/200] Loss C: -1.7365, Loss G: -0.8472, Wasserstein: 1.9257
Epoch [81/200] Loss C: -1.7309, Loss G: -0.9778, Wasserstein: 1.9367
GPU 0 内存使用: 0.12GB
GPU 1 内存使用: 0.02GB
Epoch [82/200] Loss C: -1.7344, Loss G: -0.9228, Wasserstein: 1.9085
Epoch [83/200] Loss C: -1.7254, Loss G: -0.9443, Wasserstein: 1.9187
Epoch [84/200] Loss C: -1.7298, Loss G: -0.9273, Wasserstein: 1.9150
Epoch [85/200] Loss C: -1.7148, Loss G: -1.0058, Wasserstein: 1.9110
Epoch [86/200] Loss C: -1.7224, Loss G: -0.9502, Wasserstein: 1.9213
Epoch [87/200] Loss C: -1.7230, Loss G: -1.1044, Wasserstein: 1.9244
Epoch [88/200] Loss C: -1.7083, Loss G: -1.1862, Wasserstein: 1.9126
Epoch [89/200] Loss C: -1.7243, Loss G: -1.1348, Wasserstein: 1.9180
Epoch [90/200] Loss C: -1.7170, Loss G: -1.0378, Wasserstein: 1.9069
Epoch [91/200] Loss C: -1.7133, Loss G: -1.1358, Wasserstein: 1.9202
GPU 0 内存使用: 0.12GB
GPU 1 内存使用: 0.02GB
Epoch [92/200] Loss C: -1.7075, Loss G: -1.1607, Wasserstein: 1.9056
Epoch [93/200] Loss C: -1.7116, Loss G: -1.1827, Wasserstein: 1.9173
Epoch [94/200] Loss C: -1.7076, Loss G: -1.2884, Wasserstein: 1.9156
Epoch [95/200] Loss C: -1.7033, Loss G: -1.1554, Wasserstein: 1.9197
Epoch [96/200] Loss C: -1.6941, Loss G: -1.1953, Wasserstein: 1.8935
Epoch [97/200] Loss C: -1.6922, Loss G: -1.2984, Wasserstein: 1.8849
Epoch [98/200] Loss C: -1.6837, Loss G: -1.3397, Wasserstein: 1.8899
Epoch [99/200] Loss C: -1.6935, Loss G: -1.2451, Wasserstein: 1.8974
Epoch [100/200] Loss C: -1.6998, Loss G: -1.3680, Wasserstein: 1.9009
Epoch [101/200] Loss C: -1.4564, Loss G: -1.7485, Wasserstein: 1.6158
GPU 0 内存使用: 0.12GB
GPU 1 内存使用: 0.02GB
Epoch [102/200] Loss C: -1.4656, Loss G: -1.8720, Wasserstein: 1.6404
Epoch [103/200] Loss C: -1.4762, Loss G: -1.9308, Wasserstein: 1.6329
Epoch [104/200] Loss C: -1.4741, Loss G: -2.0320, Wasserstein: 1.6407
Epoch [105/200] Loss C: -1.4798, Loss G: -2.0306, Wasserstein: 1.6488
Epoch [106/200] Loss C: -1.4758, Loss G: -2.0198, Wasserstein: 1.6378
Epoch [107/200] Loss C: -1.4762, Loss G: -2.1389, Wasserstein: 1.6417
Epoch [108/200] Loss C: -1.4789, Loss G: -2.1546, Wasserstein: 1.6421
Epoch [109/200] Loss C: -1.4916, Loss G: -2.1878, Wasserstein: 1.6433
Epoch [110/200] Loss C: -1.4785, Loss G: -2.1600, Wasserstein: 1.6457
Epoch [111/200] Loss C: -1.4750, Loss G: -2.1548, Wasserstein: 1.6359
GPU 0 内存使用: 0.12GB
GPU 1 内存使用: 0.02GB
Epoch [112/200] Loss C: -1.4826, Loss G: -2.1493, Wasserstein: 1.6485
Epoch [113/200] Loss C: -1.4824, Loss G: -2.1694, Wasserstein: 1.6383
Epoch [114/200] Loss C: -1.4879, Loss G: -2.2367, Wasserstein: 1.6418
Epoch [115/200] Loss C: -1.4909, Loss G: -2.2812, Wasserstein: 1.6427
Epoch [116/200] Loss C: -1.4813, Loss G: -2.3142, Wasserstein: 1.6406
Epoch [117/200] Loss C: -1.4807, Loss G: -2.1795, Wasserstein: 1.6531
Epoch [118/200] Loss C: -1.4821, Loss G: -2.3203, Wasserstein: 1.6516
Epoch [119/200] Loss C: -1.4855, Loss G: -2.2788, Wasserstein: 1.6450
Epoch [120/200] Loss C: -1.4938, Loss G: -2.3607, Wasserstein: 1.6486
Epoch [121/200] Loss C: -1.4860, Loss G: -2.2511, Wasserstein: 1.6435
GPU 0 内存使用: 0.12GB
GPU 1 内存使用: 0.02GB
Epoch [122/200] Loss C: -1.4917, Loss G: -2.3302, Wasserstein: 1.6560
Epoch [123/200] Loss C: -1.4907, Loss G: -2.3198, Wasserstein: 1.6521
Epoch [124/200] Loss C: -1.4732, Loss G: -2.2543, Wasserstein: 1.6383
Epoch [125/200] Loss C: -1.4851, Loss G: -2.3033, Wasserstein: 1.6490
Epoch [126/200] Loss C: -1.4903, Loss G: -2.3049, Wasserstein: 1.6531
Epoch [127/200] Loss C: -1.4785, Loss G: -2.2972, Wasserstein: 1.6465
Epoch [128/200] Loss C: -1.4759, Loss G: -2.3150, Wasserstein: 1.6504
Epoch [129/200] Loss C: -1.4905, Loss G: -2.4175, Wasserstein: 1.6530
Epoch [130/200] Loss C: -1.4760, Loss G: -2.3573, Wasserstein: 1.6355
Epoch [131/200] Loss C: -1.4883, Loss G: -2.3784, Wasserstein: 1.6651
GPU 0 内存使用: 0.12GB
GPU 1 内存使用: 0.02GB
Epoch [132/200] Loss C: -1.4833, Loss G: -2.4318, Wasserstein: 1.6475
Epoch [133/200] Loss C: -1.4806, Loss G: -2.3735, Wasserstein: 1.6500
Epoch [134/200] Loss C: -1.4753, Loss G: -2.4900, Wasserstein: 1.6478
Epoch [135/200] Loss C: -1.4672, Loss G: -2.4394, Wasserstein: 1.6417
Epoch [136/200] Loss C: -1.4740, Loss G: -2.5057, Wasserstein: 1.6404
Epoch [137/200] Loss C: -1.4641, Loss G: -2.4982, Wasserstein: 1.6393
Epoch [138/200] Loss C: -1.4736, Loss G: -2.4345, Wasserstein: 1.6376
Epoch [139/200] Loss C: -1.4774, Loss G: -2.5191, Wasserstein: 1.6405
Epoch [140/200] Loss C: -1.4796, Loss G: -2.4768, Wasserstein: 1.6517
Epoch [141/200] Loss C: -1.4785, Loss G: -2.6080, Wasserstein: 1.6326
GPU 0 内存使用: 0.12GB
GPU 1 内存使用: 0.02GB
Epoch [142/200] Loss C: -1.4950, Loss G: -2.5669, Wasserstein: 1.6506
Epoch [143/200] Loss C: -1.4814, Loss G: -2.5042, Wasserstein: 1.6441
Epoch [144/200] Loss C: -1.4843, Loss G: -2.5369, Wasserstein: 1.6502
Epoch [145/200] Loss C: -1.4804, Loss G: -2.6631, Wasserstein: 1.6407
Epoch [146/200] Loss C: -1.4910, Loss G: -2.6349, Wasserstein: 1.6491
Epoch [147/200] Loss C: -1.4683, Loss G: -2.6652, Wasserstein: 1.6442
Epoch [148/200] Loss C: -1.4704, Loss G: -2.6582, Wasserstein: 1.6413
Epoch [149/200] Loss C: -1.4770, Loss G: -2.6811, Wasserstein: 1.6482
Epoch [150/200] Loss C: -1.4783, Loss G: -2.6689, Wasserstein: 1.6459
Epoch [151/200] Loss C: -1.3357, Loss G: -2.9940, Wasserstein: 1.4861
GPU 0 内存使用: 0.12GB
GPU 1 内存使用: 0.02GB
Epoch [152/200] Loss C: -1.3383, Loss G: -3.1360, Wasserstein: 1.4846
Epoch [153/200] Loss C: -1.3505, Loss G: -3.0183, Wasserstein: 1.4965
Epoch [154/200] Loss C: -1.3515, Loss G: -3.1164, Wasserstein: 1.4921
Epoch [155/200] Loss C: -1.3389, Loss G: -3.1459, Wasserstein: 1.4893
Epoch [156/200] Loss C: -1.3629, Loss G: -3.1680, Wasserstein: 1.5033
Epoch [157/200] Loss C: -1.3449, Loss G: -3.1010, Wasserstein: 1.4986
Epoch [158/200] Loss C: -1.3548, Loss G: -3.1772, Wasserstein: 1.5029
Epoch [159/200] Loss C: -1.3540, Loss G: -3.2353, Wasserstein: 1.4952
Epoch [160/200] Loss C: -1.3498, Loss G: -3.2519, Wasserstein: 1.4835
Epoch [161/200] Loss C: -1.3540, Loss G: -3.2356, Wasserstein: 1.4985
GPU 0 内存使用: 0.12GB
GPU 1 内存使用: 0.02GB
Epoch [162/200] Loss C: -1.3467, Loss G: -3.2995, Wasserstein: 1.4983
Epoch [163/200] Loss C: -1.3443, Loss G: -3.3529, Wasserstein: 1.4976
Epoch [164/200] Loss C: -1.3442, Loss G: -3.2501, Wasserstein: 1.4866
Epoch [165/200] Loss C: -1.3402, Loss G: -3.3942, Wasserstein: 1.4908
Epoch [166/200] Loss C: -1.3577, Loss G: -3.3239, Wasserstein: 1.4990
Epoch [167/200] Loss C: -1.3457, Loss G: -3.2700, Wasserstein: 1.4994
Epoch [168/200] Loss C: -1.3443, Loss G: -3.4212, Wasserstein: 1.4816
Epoch [169/200] Loss C: -1.3524, Loss G: -3.3848, Wasserstein: 1.5000
Epoch [170/200] Loss C: -1.3511, Loss G: -3.4169, Wasserstein: 1.5046
Epoch [171/200] Loss C: -1.3424, Loss G: -3.3386, Wasserstein: 1.5043
GPU 0 内存使用: 0.12GB
GPU 1 内存使用: 0.02GB
Epoch [172/200] Loss C: -1.3475, Loss G: -3.3940, Wasserstein: 1.5076
Epoch [173/200] Loss C: -1.3518, Loss G: -3.4713, Wasserstein: 1.5028
Epoch [174/200] Loss C: -1.3484, Loss G: -3.4416, Wasserstein: 1.4926
Epoch [175/200] Loss C: -1.3511, Loss G: -3.3896, Wasserstein: 1.4951
Epoch [176/200] Loss C: -1.3564, Loss G: -3.4323, Wasserstein: 1.5117
Epoch [177/200] Loss C: -1.3514, Loss G: -3.4348, Wasserstein: 1.5059
Epoch [178/200] Loss C: -1.3548, Loss G: -3.5151, Wasserstein: 1.5077
Epoch [179/200] Loss C: -1.3514, Loss G: -3.3975, Wasserstein: 1.4980
Epoch [180/200] Loss C: -1.3555, Loss G: -3.5022, Wasserstein: 1.4981
Epoch [181/200] Loss C: -1.3642, Loss G: -3.5506, Wasserstein: 1.5063
GPU 0 内存使用: 0.12GB
GPU 1 内存使用: 0.02GB
Epoch [182/200] Loss C: -1.3540, Loss G: -3.5599, Wasserstein: 1.5002
Epoch [183/200] Loss C: -1.3534, Loss G: -3.5550, Wasserstein: 1.5059
Epoch [184/200] Loss C: -1.3424, Loss G: -3.5016, Wasserstein: 1.5008
Epoch [185/200] Loss C: -1.3408, Loss G: -3.5788, Wasserstein: 1.4985
Epoch [186/200] Loss C: -1.3425, Loss G: -3.5664, Wasserstein: 1.4929
Epoch [187/200] Loss C: -1.3574, Loss G: -3.6502, Wasserstein: 1.5006
Epoch [188/200] Loss C: -1.3495, Loss G: -3.6379, Wasserstein: 1.4954
Epoch [189/200] Loss C: -1.3538, Loss G: -3.6049, Wasserstein: 1.4994
Epoch [190/200] Loss C: -1.3505, Loss G: -3.6097, Wasserstein: 1.4893
Epoch [191/200] Loss C: -1.3501, Loss G: -3.7621, Wasserstein: 1.5061
GPU 0 内存使用: 0.12GB
GPU 1 内存使用: 0.02GB
Epoch [192/200] Loss C: -1.3453, Loss G: -3.6807, Wasserstein: 1.4905
Epoch [193/200] Loss C: -1.3508, Loss G: -3.7516, Wasserstein: 1.4883
Epoch [194/200] Loss C: -1.3456, Loss G: -3.6890, Wasserstein: 1.5014
Epoch [195/200] Loss C: -1.3581, Loss G: -3.6963, Wasserstein: 1.5004
Epoch [196/200] Loss C: -1.3468, Loss G: -3.7179, Wasserstein: 1.4924
Epoch [197/200] Loss C: -1.3447, Loss G: -3.7594, Wasserstein: 1.4854
Epoch [198/200] Loss C: -1.3495, Loss G: -3.8172, Wasserstein: 1.5012
Epoch [199/200] Loss C: -1.3468, Loss G: -3.8199, Wasserstein: 1.4913
Epoch [200/200] Loss C: -1.3551, Loss G: -3.7513, Wasserstein: 1.5080
生成 epoch 20 的样本...
生成 epoch 40 的样本...
生成 epoch 60 的样本...
生成 epoch 80 的样本...
生成 epoch 100 的样本...
生成 epoch 120 的样本...
生成 epoch 140 的样本...
生成 epoch 160 的样本...
生成 epoch 180 的样本...
生成 epoch 200 的样本...
