=== MiniBigGAN 训练开始 ===
开始时间: 2025年 05月 31日 星期六 16:54:25 CST
日志目录: ./logs/20250531_165425
=== 系统信息 ===
Python版本: Python 3.10.16
工作目录: /mnt/16T/gjx/GANS/BigGAN
PYTHONPATH: /mnt/16T/gjx/GANS/BigGAN:
=== GPU信息 ===
PyTorch版本: 2.7.0+cu126
CUDA可用: True
GPU数量: 2
GPU 0: NVIDIA GeForce RTX 3090
GPU 1: NVIDIA GeForce RTX 3090
=== nvidia-smi 信息 ===
Sat May 31 16:54:27 2025       
+-----------------------------------------------------------------------------------------+
| NVIDIA-SMI 550.107.02             Driver Version: 550.107.02     CUDA Version: 12.4     |
|-----------------------------------------+------------------------+----------------------+
| GPU  Name                 Persistence-M | Bus-Id          Disp.A | Volatile Uncorr. ECC |
| Fan  Temp   Perf          Pwr:Usage/Cap |           Memory-Usage | GPU-Util  Compute M. |
|                                         |                        |               MIG M. |
|=========================================+========================+======================|
|   0  NVIDIA GeForce RTX 3090        Off |   00000000:1A:00.0 Off |                  N/A |
| 50%   38C    P8             43W /  350W |      11MiB /  24576MiB |      0%      Default |
|                                         |                        |                  N/A |
+-----------------------------------------+------------------------+----------------------+
|   1  NVIDIA GeForce RTX 3090        Off |   00000000:68:00.0 Off |                  N/A |
| 50%   39C    P8             29W /  350W |     166MiB /  24576MiB |      0%      Default |
|                                         |                        |                  N/A |
+-----------------------------------------+------------------------+----------------------+
                                                                                         
+-----------------------------------------------------------------------------------------+
| Processes:                                                                              |
|  GPU   GI   CI        PID   Type   Process name                              GPU Memory |
|        ID   ID                                                               Usage      |
|=========================================================================================|
|    0   N/A  N/A    657274      G   /usr/lib/xorg/Xorg                              4MiB |
|    1   N/A  N/A    657274      G   /usr/lib/xorg/Xorg                             95MiB |
|    1   N/A  N/A    657391      G   /usr/bin/gnome-shell                           60MiB |
+-----------------------------------------------------------------------------------------+
开始训练...
训练过程中发生错误!
错误时间: 2025年 05月 31日 星期六 16:54:31 CST
